<?xml version="1.0" encoding="UTF-8"?>
<!-- Generated by org.testng.reporters.JUnitXMLReporter -->
<testsuite ignored="0" hostname="DESKTOP-MIHB6U5" failures="1" tests="1" name="Test Fire Fox(failed)(failed)" time="0.104" errors="0" timestamp="2023-02-14T12:37:00 IST">
  <testcase classname="TestNG.Multi_Browser_Testing" name="TC1" time="0.011">
    <failure type="java.lang.NullPointerException" message="Cannot invoke &amp;quot;org.openqa.selenium.WebDriver.get(String)&amp;quot; because &amp;quot;driver&amp;quot; is null">
      <![CDATA[java.lang.NullPointerException: Cannot invoke "org.openqa.selenium.WebDriver.get(String)" because "driver" is null
at TestNG.Multi_Browser_Testing.TC1(Multi_Browser_Testing.java:31)
at java.base/java.util.ArrayList.forEach(ArrayList.java:1511)
... Removed 27 stack frames]]>
    </failure>
  </testcase> <!-- TC1 -->
</testsuite> <!-- Test Fire Fox(failed)(failed) -->
