<?xml version="1.0" encoding="UTF-8"?>
<!-- Generated by org.testng.reporters.JUnitXMLReporter -->
<testsuite ignored="2" hostname="DESKTOP-MIHB6U5" failures="0" tests="2" name="Test(failed)(failed)" time="0.096" errors="0" timestamp="2023-02-13T19:57:14 IST">
  <testcase classname="TestNG.Demo3" name="TC6" time="0.014"/>
  <testcase classname="TestNG.Demo2" name="TC3" time="0.002"/>
  <testcase classname="TestNG.Demo3" name="TC5" time="0.0">
    <ignored/>
  </testcase> <!-- TC5 -->
  <testcase classname="TestNG.Demo2" name="TC4" time="0.0">
    <ignored/>
  </testcase> <!-- TC4 -->
</testsuite> <!-- Test(failed)(failed) -->
