<?xml version="1.0" encoding="UTF-8"?>
<!-- Generated by org.testng.reporters.JUnitXMLReporter -->
<testsuite ignored="0" hostname="DESKTOP-MIHB6U5" failures="0" tests="2" name="Test2" time="0.035" errors="0" timestamp="2023-02-20T14:39:51 IST">
  <testcase classname="Guru_Bank_project.Test_Class" name="@BeforeClass openBrowser" time="0.001">
    <failure type="java.lang.NullPointerException" message="Cannot invoke &amp;quot;org.openqa.selenium.WebDriver.manage()&amp;quot; because &amp;quot;this.driver&amp;quot; is null">
      <![CDATA[java.lang.NullPointerException: Cannot invoke "org.openqa.selenium.WebDriver.manage()" because "this.driver" is null
at Guru_Bank_project.Base_Class.initializeBrowser(Base_Class.java:32)
at Guru_Bank_project.Test_Class.openBrowser(Test_Class.java:31)
at java.base/java.util.ArrayList.forEach(ArrayList.java:1511)
... Removed 25 stack frames]]>
    </failure>
  </testcase> <!-- @BeforeClass openBrowser -->
  <testcase classname="Guru_Bank_project.Test_Class" name="@BeforeMethod logInToApp" time="-1.676884191486E9">
    <skipped/>
  </testcase> <!-- @BeforeMethod logInToApp -->
  <testcase classname="Guru_Bank_project.Test_Class" name="@AfterMethod logOutFromApp" time="-1.676884191492E9">
    <skipped/>
  </testcase> <!-- @AfterMethod logOutFromApp -->
  <testcase classname="Guru_Bank_project.Test_Class" name="@BeforeMethod logInToApp" time="-1.676884191497E9">
    <skipped/>
  </testcase> <!-- @BeforeMethod logInToApp -->
  <testcase classname="Guru_Bank_project.Test_Class" name="@AfterMethod logOutFromApp" time="-1.676884191509E9">
    <skipped/>
  </testcase> <!-- @AfterMethod logOutFromApp -->
  <testcase classname="Guru_Bank_project.Test_Class" name="@AfterClass closeApp" time="-1.676884191512E9">
    <skipped/>
  </testcase> <!-- @AfterClass closeApp -->
  <testcase classname="Guru_Bank_project.Test_Class" name="veifyManagerText" time="0.0">
    <skipped/>
  </testcase> <!-- veifyManagerText -->
  <testcase classname="Guru_Bank_project.Test_Class" name="verify_New_Customer_Text" time="0.0">
    <skipped/>
  </testcase> <!-- verify_New_Customer_Text -->
</testsuite> <!-- Test2 -->
