<?xml version="1.0" encoding="UTF-8"?>
<!-- Generated by org.testng.reporters.JUnitXMLReporter -->
<testsuite ignored="0" hostname="DESKTOP-MIHB6U5" failures="2" tests="6" name="Test" time="0.134" errors="0" timestamp="2023-02-13T19:55:49 IST">
  <testcase classname="TestNG.Demo1" name="TC1" time="0.012"/>
  <testcase classname="TestNG.Demo1" name="TC2" time="0.002"/>
  <testcase classname="TestNG.Demo3" name="TC5" time="0.007"/>
  <testcase classname="TestNG.Demo3" name="TC6" time="0.011">
    <failure type="java.lang.AssertionError" message="null">
      <![CDATA[java.lang.AssertionError: null
at TestNG.Demo3.TC6(Demo3.java:19)
at java.base/java.util.ArrayList.forEach(ArrayList.java:1511)
... Removed 29 stack frames]]>
    </failure>
  </testcase> <!-- TC6 -->
  <testcase classname="TestNG.Demo2" name="TC3" time="0.001">
    <failure type="java.lang.AssertionError" message="null">
      <![CDATA[java.lang.AssertionError: null
at TestNG.Demo2.TC3(Demo2.java:13)
at java.base/java.util.ArrayList.forEach(ArrayList.java:1511)
... Removed 29 stack frames]]>
    </failure>
  </testcase> <!-- TC3 -->
  <testcase classname="TestNG.Demo2" name="TC4" time="0.008"/>
</testsuite> <!-- Test -->
